[2025-11-09] Simulation started by Professor.
[2025-11-09] Simulation started by Professor.
[2025-11-09] AGV-1 loaded baggage 2
[2025-11-09] AGV-1 moving to Gate C
[2025-11-09] AGV-1 unloaded baggage 2
[2025-11-09] Professor viewed logs from UI.
[2025-11-09] Simulation started by Professor.
[2025-11-09] Simulation started by Professor.
[2025-11-09] AGV-1 loaded baggage 1
[2025-11-09] AGV-1 moving to Gate B
[2025-11-09] AGV-1 unloaded baggage 1
[2025-11-09] Charging started for AGV-1
[2025-11-09] Charging completed for AGV-1
[2025-11-09] Charging started for AGV-1
[2025-11-09] Charging completed for AGV-1
[2025-11-09] Charging started for AGV-1
[2025-11-09] Charging completed for AGV-1
[2025-11-09] Charging started for AGV-4
[2025-11-09] Charging completed for AGV-4
[2025-11-09] Charging started for AGV-4
[2025-11-09] Charging completed for AGV-4
[2025-11-09] Professor viewed logs from UI.
[2025-11-09] AGV-1 loaded baggage 3
[2025-11-09] AGV-1 moving to Gate D
[2025-11-09] AGV-1 unloaded baggage 3
[2025-11-09] Charging started for AGV-5
[2025-11-09] Charging completed for AGV-5
[2025-11-09] Professor viewed logs from UI.
